<?xml version="1.0" encoding="UTF-8"?>
<!-- Generated by org.testng.reporters.JUnitReportReporter -->
<testsuite skipped="0" hostname="DESKTOP-8FU55Q9" name="runner.testRunner" tests="2" failures="0" timestamp="26 Mar 2019 03:43:18 GMT" time="93.334" errors="0">
  <testcase name="runScenario" time="43.708" classname="runner.testRunner"/>
  <testcase name="runScenario" time="49.626" classname="runner.testRunner"/>
</testsuite> <!-- runner.testRunner -->
