<?xml version="1.0" encoding="UTF-8"?>
<!-- Generated by org.testng.reporters.JUnitReportReporter -->
<testsuite skipped="0" hostname="DESKTOP-8FU55Q9" name="runner.testRunner" tests="4" failures="0" timestamp="15 Mar 2019 04:07:50 GMT" time="62.749" errors="0">
  <testcase name="runScenario" time="18.806" classname="runner.testRunner"/>
  <testcase name="runScenario" time="22.543" classname="runner.testRunner"/>
  <testcase name="runScenario" time="9.603" classname="runner.testRunner"/>
  <testcase name="runScenario" time="11.797" classname="runner.testRunner"/>
</testsuite> <!-- runner.testRunner -->
